# [2025-03-06T19:59:11-07:00 ./matilda-manage.sh] started 23321: /home/parallels/Github/Matilda/in-screen.sh
# [2025-03-07T21:09:58-07:00 ./matilda-manage.sh] could not identify running process 23321, starting new process
# [2025-03-07T21:10:00-07:00 ./matilda-manage.sh] started 63259: /home/parallels/Github/Matilda/in-screen.sh
# [2025-03-16T17:31:35-05:00 ./matilda-manage.sh] could not identify running process 63259, starting new process
# [2025-03-16T17:31:37-05:00 ./matilda-manage.sh] started 2273405: /home/beams11/USAXS/Apps/Matilda/in-screen.sh
# [2025-03-16T17:36:23-05:00 ./matilda-manage.sh] could not identify running process 2273405, starting new process
# [2025-03-16T17:36:25-05:00 ./matilda-manage.sh] started 2274781: /home/beams11/USAXS/Apps/Matilda/in-screen.sh
# [2025-03-16T17:44:19-05:00 ./matilda-manage.sh] could not identify running process 2274781, starting new process
# [2025-03-16T17:44:21-05:00 ./matilda-manage.sh] started 2277591: /home/beams11/USAXS/Apps/Matilda/in-screen.sh
# [2025-03-16T17:45:11-05:00 ./matilda-manage.sh] could not identify running process 2277591, starting new process
# [2025-03-16T17:45:13-05:00 ./matilda-manage.sh] started 2277818: /home/beams11/USAXS/Apps/Matilda/in-screen.sh
# [2025-03-16T17:46:31-05:00 ./matilda-manage.sh] could not identify running process 2277818, starting new process
# [2025-03-16T17:46:34-05:00 ./matilda-manage.sh] started 2278351 2277818: /home/beams11/USAXS/Apps/Matilda/in-screen.sh
# [2025-03-16T17:53:58-05:00 ./matilda-manage.sh] started 2279758: /home/beams11/USAXS/Apps/Matilda/in-screen.sh
# [2025-03-17T09:17:59-05:00 ./matilda-manage.sh] not running 2279758: /home/beams11/USAXS/Apps/Matilda/in-screen.sh
# [2025-03-17T09:19:52-05:00 ./matilda-manage.sh] started 2454409: /home/beams11/USAXS/Apps/Matilda/in-screen.sh
# [2025-03-17T09:23:04-05:00 ./matilda-manage.sh] could not identify running process 2454409, starting new process
# [2025-03-17T09:23:06-05:00 ./matilda-manage.sh] started 2455112 2454409: /home/beams11/USAXS/Apps/Matilda/in-screen.sh
# [2025-03-17T15:03:18-05:00 ./matilda-manage.sh] started 2538889: /home/beams11/USAXS/Apps/Matilda/in-screen.sh
# [2025-03-17T15:05:04-05:00 ./matilda-manage.sh] not running 2538889: /home/beams11/USAXS/Apps/Matilda/in-screen.sh
# [2025-03-17T15:06:47-05:00 ./matilda-manage.sh] started : /home/beams11/USAXS/Apps/Matilda/in-screen.sh
# [2025-03-17T15:07:49-05:00 ./matilda-manage.sh] started 2540447: /home/beams11/USAXS/Apps/Matilda/in-screen.sh
# [2025-03-17T15:08:44-05:00 ./matilda-manage.sh] stopping 2540447: /home/beams11/USAXS/Apps/Matilda/in-screen.sh
# [2025-03-17T15:09:57-05:00 ./matilda-manage.sh] could not identify running process , starting new process
# [2025-03-17T15:09:59-05:00 ./matilda-manage.sh] started 2541223: /home/beams11/USAXS/Apps/Matilda/in-screen.sh
